<?xml version="1.0" encoding="UTF-8"?>
<testng-results ignored="0" total="1" passed="1" failed="0" skipped="0">
  <reporter-output>
  </reporter-output>
  <suite started-at="2024-07-30T15:24:52 IST" name="Default suite" finished-at="2024-07-30T15:25:05 IST" duration-ms="13239">
    <groups>
    </groups>
    <test started-at="2024-07-30T15:24:52 IST" name="Default test" finished-at="2024-07-30T15:25:05 IST" duration-ms="13239">
      <class name="Beauty.Lakme_Test">
        <test-method signature="lak()[pri:0, instance:Beauty.Lakme_Test@614ca7df]" started-at="2024-07-30T15:24:52 IST" name="lak" finished-at="2024-07-30T15:25:05 IST" duration-ms="13167" status="PASS">
          <reporter-output>
          </reporter-output>
        </test-method> <!-- lak -->
      </class> <!-- Beauty.Lakme_Test -->
    </test> <!-- Default test -->
  </suite> <!-- Default suite -->
</testng-results>
